<?xml version="1.0" encoding="UTF-8"?>
<!-- Generated by org.testng.reporters.JUnitReportReporter -->
<testsuite hostname="Harrshinis-MacBook-Air.local" failures="0" tests="1" name="com.TestNGDemos.D10KeywordDrivenFramework" time="11.245" errors="0" timestamp="2025-05-18T20:20:01 IST" skipped="0">
  <testcase classname="com.TestNGDemos.D10KeywordDrivenFramework" name="login" time="11.245"/>
</testsuite> <!-- com.TestNGDemos.D10KeywordDrivenFramework -->
