<?xml version="1.0" encoding="UTF-8"?>
<!-- Generated by org.testng.reporters.JUnitReportReporter -->
<testsuite hostname="Harrshinis-MacBook-Air.local" failures="0" tests="3" name="com.TestNGDemos.D04Before_After_Method" time="10.530" errors="0" timestamp="2025-05-04T20:29:05 IST" skipped="0">
  <testcase classname="com.TestNGDemos.D04Before_After_Method" name="launchingPotteryBarn" time="1.688"/>
  <testcase classname="com.TestNGDemos.D04Before_After_Method" name="launchingShein" time="8.139"/>
  <testcase classname="com.TestNGDemos.D04Before_After_Method" name="launchingMyntra" time="0.703"/>
</testsuite> <!-- com.TestNGDemos.D04Before_After_Method -->
