<?xml version="1.0" encoding="UTF-8"?>
<!-- Generated by org.testng.reporters.JUnitReportReporter -->
<testsuite hostname="Harrshinis-MacBook-Air.local" failures="0" tests="1" name="com.TestNGDemos.D09Parametarization" time="1.197" errors="0" timestamp="2025-05-11T16:07:03 IST" skipped="0">
  <testcase classname="com.TestNGDemos.D09Parametarization" name="login" time="1.197"/>
</testsuite> <!-- com.TestNGDemos.D09Parametarization -->
