<?xml version="1.0" encoding="UTF-8"?>
<!-- Generated by org.testng.reporters.JUnitReportReporter -->
<testsuite hostname="Harrshinis-MacBook-Air.local" failures="0" tests="1" name="com.TestNGDemos.POM_Client" time="4.787" errors="0" timestamp="2025-05-05T15:09:09 IST" skipped="0">
  <testcase classname="com.TestNGDemos.POM_Client" name="test_Login" time="4.787"/>
</testsuite> <!-- com.TestNGDemos.POM_Client -->
