<?xml version="1.0" encoding="UTF-8"?>
<!-- Generated by org.testng.reporters.JUnitReportReporter -->
<testsuite hostname="Harrshinis-MacBook-Air.local" failures="0" tests="1" name="com.TestNGDemos.D11WriteToExcel" time="0.013" errors="0" timestamp="2025-05-19T13:55:47 IST" skipped="0">
  <testcase classname="com.TestNGDemos.D11WriteToExcel" name="writeToExcel" time="0.013"/>
</testsuite> <!-- com.TestNGDemos.D11WriteToExcel -->
