<?xml version="1.0" encoding="UTF-8"?>
<!-- Generated by org.testng.reporters.JUnitReportReporter -->
<testsuite hostname="Harrshinis-MacBook-Air.local" failures="0" tests="3" name="com.TestNGDemos.D13CreateLoginData" time="0.006" errors="0" timestamp="2025-05-19T15:33:13 IST" skipped="0">
  <testcase classname="com.TestNGDemos.D13CreateLoginData" name="writeToExcelFile" time="0.002"/>
  <testcase classname="com.TestNGDemos.D13CreateLoginData" name="writeToExcelFile" time="0.001"/>
  <testcase classname="com.TestNGDemos.D13CreateLoginData" name="writeToExcelFile" time="0.003"/>
</testsuite> <!-- com.TestNGDemos.D13CreateLoginData -->
