<?xml version="1.0" encoding="UTF-8"?>
<!-- Generated by org.testng.reporters.JUnitReportReporter -->
<testsuite hostname="Harrshinis-MacBook-Air.local" failures="0" tests="3" name="com.TestNGDemos.D03Before_After_Test" time="8.778" errors="0" timestamp="2025-05-04T19:40:12 IST" skipped="0">
  <testcase classname="com.TestNGDemos.D03Before_After_Test" name="launchingPotteryBarn" time="2.174"/>
  <testcase classname="com.TestNGDemos.D03Before_After_Test" name="launchingShein" time="1.855"/>
  <testcase classname="com.TestNGDemos.D03Before_After_Test" name="launchingMyntra" time="4.749"/>
</testsuite> <!-- com.TestNGDemos.D03Before_After_Test -->
