<?xml version="1.0" encoding="UTF-8"?>
<!-- Generated by org.testng.reporters.JUnitReportReporter -->
<testsuite hostname="Harrshinis-MacBook-Air.local" failures="0" tests="2" name="com.TestNGDemos.D08CreatingGroups" time="5.877" errors="0" timestamp="2025-05-11T15:40:03 IST" skipped="0">
  <testcase classname="com.TestNGDemos.D08CreatingGroups" name="clickOnKids" time="2.011"/>
  <testcase classname="com.TestNGDemos.D08CreatingGroups" name="clickOnHome" time="3.866"/>
</testsuite> <!-- com.TestNGDemos.D08CreatingGroups -->
