<?xml version="1.0" encoding="UTF-8"?>
<!-- Generated by org.testng.reporters.JUnitReportReporter -->
<testsuite hostname="Harrshinis-MacBook-Air.local" failures="0" tests="2" name="com.Assignment.NewTest" time="0.005" errors="0" timestamp="2025-04-11T22:24:19 IST" skipped="0">
  <testcase classname="com.Assignment.NewTest" name="trial" time="0.001"/>
  <testcase classname="com.Assignment.NewTest" name="OpenSelenium" time="0.004"/>
</testsuite> <!-- com.Assignment.NewTest -->
