<?xml version="1.0" encoding="UTF-8"?>
<!-- Generated by org.testng.reporters.JUnitReportReporter -->
<testsuite hostname="Harrshinis-MacBook-Air.local" failures="0" tests="2" name="com.TestNGDemos.D05DataProviderDemo" time="0.005" errors="0" timestamp="2025-05-07T14:27:32 IST" skipped="0">
  <testcase classname="com.TestNGDemos.D05DataProviderDemo" name="loginToOHRM" time="0.001"/>
  <testcase classname="com.TestNGDemos.D05DataProviderDemo" name="loginToOHRM" time="0.004"/>
</testsuite> <!-- com.TestNGDemos.D05DataProviderDemo -->
