<?xml version="1.0" encoding="UTF-8"?>
<!-- Generated by org.testng.reporters.JUnitReportReporter -->
<testsuite hostname="Harrshinis-MacBook-Air.local" failures="0" tests="4" name="com.TestNGDemos.D02MultipleTests" time="37.484" errors="0" timestamp="2025-05-13T13:01:32 IST" skipped="0">
  <testcase classname="com.TestNGDemos.D02MultipleTests" name="launchingPotteryBarn" time="8.557"/>
  <testcase classname="com.TestNGDemos.D02MultipleTests" name="launchingShein" time="5.293"/>
  <testcase classname="com.TestNGDemos.D02MultipleTests" name="launchingNykaa" time="12.519"/>
  <testcase classname="com.TestNGDemos.D02MultipleTests" name="launchingMyntra" time="11.115"/>
</testsuite> <!-- com.TestNGDemos.D02MultipleTests -->
