<?xml version="1.0" encoding="UTF-8"?>
<!-- Generated by org.testng.reporters.JUnitReportReporter -->
<testsuite hostname="Harrshinis-MacBook-Air.local" failures="0" tests="1" name="com.TestNGDemos.D01FirstTest" time="2.953" errors="0" timestamp="2025-05-04T18:39:44 IST" skipped="0">
  <testcase classname="com.TestNGDemos.D01FirstTest" name="openSelenium" time="2.953"/>
</testsuite> <!-- com.TestNGDemos.D01FirstTest -->
