<?xml version="1.0" encoding="UTF-8"?>
<!-- Generated by org.testng.reporters.JUnitReportReporter -->
<testsuite hostname="Harrshinis-MacBook-Air.local" failures="0" tests="1" name="com.TestNGDemos.D12CreateFriendsData" time="0.014" errors="0" timestamp="2025-05-19T15:09:33 IST" skipped="0">
  <testcase classname="com.TestNGDemos.D12CreateFriendsData" name="createData" time="0.014"/>
</testsuite> <!-- com.TestNGDemos.D12CreateFriendsData -->
