<?xml version="1.0" encoding="UTF-8"?>
<!-- Generated by org.testng.reporters.JUnitReportReporter -->
<testsuite hostname="Harrshinis-MacBook-Air.local" failures="0" tests="2" name="com.TestNGDemos.D14ReadData" time="0.005" errors="0" timestamp="2025-05-23T13:35:37 IST" skipped="0">
  <testcase classname="com.TestNGDemos.D14ReadData" name="readAllData" time="0.004"/>
  <testcase classname="com.TestNGDemos.D14ReadData" name="readData" time="0.001"/>
</testsuite> <!-- com.TestNGDemos.D14ReadData -->
