<?xml version="1.0" encoding="UTF-8"?>
<!-- Generated by org.testng.reporters.JUnitReportReporter -->
<testsuite hostname="Harrshinis-MacBook-Air.local" failures="0" tests="1" name="com.MyTests.D03ReadFromExcel" time="0.005" errors="0" timestamp="2025-05-24T13:03:10 IST" skipped="0">
  <testcase classname="com.MyTests.D03ReadFromExcel" name="readData" time="0.005"/>
</testsuite> <!-- com.MyTests.D03ReadFromExcel -->
