<?xml version="1.0" encoding="UTF-8"?>
<!-- Generated by org.testng.reporters.JUnitReportReporter -->
<testsuite hostname="Mac.lan" failures="0" tests="1" name="appiumScenarios.BackgroundAppStateCheck" time="10.209" errors="0" timestamp="2025-06-07T14:05:04 IST" skipped="0">
  <testcase classname="appiumScenarios.BackgroundAppStateCheck" name="backgroundAppAndCheckState" time="10.209"/>
  <system-out/>
</testsuite> <!-- appiumScenarios.BackgroundAppStateCheck -->
