<?xml version="1.0" encoding="UTF-8"?>
<!-- Generated by org.testng.reporters.JUnitReportReporter -->
<testsuite hostname="Mac.lan" failures="0" tests="1" name="appiumScenarios.UninstallAppTest" time="5.487" errors="0" timestamp="2025-06-07T14:30:18 IST" skipped="0">
  <testcase classname="appiumScenarios.UninstallAppTest" name="uninstallApp" time="5.487"/>
  <system-out/>
</testsuite> <!-- appiumScenarios.UninstallAppTest -->
