<?xml version="1.0" encoding="UTF-8"?>
<!-- Generated by org.testng.reporters.JUnitReportReporter -->
<testsuite hostname="Mac.lan" failures="0" tests="5" name="Assignment_Questions.PetStoreTestQ1" time="16.665" errors="0" timestamp="2025-05-29T21:34:45 IST" skipped="0">
  <testcase classname="Assignment_Questions.PetStoreTestQ1" name="testAddNewPet" time="4.255"/>
  <testcase classname="Assignment_Questions.PetStoreTestQ1" name="testGetPetById" time="3.422"/>
  <testcase classname="Assignment_Questions.PetStoreTestQ1" name="testUpdatePet" time="3.319"/>
  <testcase classname="Assignment_Questions.PetStoreTestQ1" name="testFindByStatus" time="4.251"/>
  <testcase classname="Assignment_Questions.PetStoreTestQ1" name="testDeletePet" time="1.418"/>
</testsuite> <!-- Assignment_Questions.PetStoreTestQ1 -->
