<?xml version="1.0" encoding="UTF-8"?>
<!-- Generated by org.testng.reporters.JUnitReportReporter -->
<testsuite hostname="Mac.lan" failures="0" tests="1" name="Assignment_Questions.OAuth2" time="3.652" errors="0" timestamp="2025-06-07T12:08:45 IST" skipped="0">
  <testcase classname="Assignment_Questions.OAuth2" name="auth2" time="3.652"/>
</testsuite> <!-- Assignment_Questions.OAuth2 -->
