<?xml version="1.0" encoding="UTF-8"?>
<!-- Generated by org.testng.reporters.JUnitReportReporter -->
<testsuite hostname="Mac.lan" failures="0" tests="1" name="MobileGestures.DragAndDropTest" time="14.984" errors="0" timestamp="2025-06-07T15:23:07 IST" skipped="0">
  <testcase classname="MobileGestures.DragAndDropTest" name="testDragAndDropGesture" time="14.984"/>
  <system-out/>
</testsuite> <!-- MobileGestures.DragAndDropTest -->
