<?xml version="1.0" encoding="UTF-8"?>
<!-- Generated by org.testng.reporters.JUnitReportReporter -->
<testsuite hostname="Mac.lan" failures="0" tests="1" name="MobileGestures.CaptureScreenshotTest" time="5.544" errors="0" timestamp="2025-06-07T16:19:29 IST" skipped="0">
  <testcase classname="MobileGestures.CaptureScreenshotTest" name="takingScreenshot" time="5.544"/>
  <system-out/>
</testsuite> <!-- MobileGestures.CaptureScreenshotTest -->
