<?xml version="1.0" encoding="UTF-8"?>
<!-- Generated by org.testng.reporters.JUnitReportReporter -->
<testsuite hostname="Mac.lan" failures="0" tests="1" name="tests.PostRequestTest" time="2.330" errors="0" timestamp="2025-05-29T21:52:08 IST" skipped="0">
  <testcase classname="tests.PostRequestTest" name="testPostUsingHashMapAndPOJO" time="2.330"/>
</testsuite> <!-- tests.PostRequestTest -->
