<?xml version="1.0" encoding="UTF-8"?>
<!-- Generated by org.testng.reporters.JUnitReportReporter -->
<testsuite hostname="Mac.lan" failures="0" tests="1" name="appiumScenarios.ApplicationStatus" time="4.345" errors="0" timestamp="2025-06-07T13:59:48 IST" skipped="0">
  <testcase classname="appiumScenarios.ApplicationStatus" name="applicationCurrentState" time="4.345"/>
  <system-out/>
</testsuite> <!-- appiumScenarios.ApplicationStatus -->
