<?xml version="1.0" encoding="UTF-8"?>
<!-- Generated by org.testng.reporters.JUnitReportReporter -->
<testsuite hostname="Mac.lan" failures="0" tests="1" name="mobileTest.AndroidDeviceConnectionTest" time="4.702" errors="0" timestamp="2025-06-07T13:25:14 IST" skipped="0">
  <testcase classname="mobileTest.AndroidDeviceConnectionTest" name="capturingSessionID" time="4.702"/>
  <system-out/>
</testsuite> <!-- mobileTest.AndroidDeviceConnectionTest -->
