<?xml version="1.0" encoding="UTF-8"?>
<!-- Generated by org.testng.reporters.JUnitReportReporter -->
<testsuite hostname="Mac.lan" failures="0" tests="1" name="appiumScenarios.CreateFolderTest" time="0.004" errors="0" timestamp="2025-06-07T15:58:04 IST" skipped="0">
  <testcase classname="appiumScenarios.CreateFolderTest" name="createScreenshotFolder" time="0.004"/>
  <system-out/>
</testsuite> <!-- appiumScenarios.CreateFolderTest -->
