<?xml version="1.0" encoding="UTF-8"?>
<!-- Generated by org.testng.reporters.JUnitReportReporter -->
<testsuite hostname="Mac.lan" failures="0" tests="1" name="appiumScenarios.InstallAppTest" time="11.324" errors="0" timestamp="2025-06-07T14:47:43 IST" skipped="0">
  <testcase classname="appiumScenarios.InstallAppTest" name="installApp" time="11.324"/>
  <system-out/>
</testsuite> <!-- appiumScenarios.InstallAppTest -->
